BUFR LOG: Fri Sep 10 23:25:30 2004

Processing file ex1.enc
log file = bufr_log.2894346
 <<< Current settings of flags in BUFR_Cntl >>>
    Auto FTP not allowed
    Duplication of table entries allowed
    No warnings of duplication of table entries printed
    BUFR log written to $MEL_BUFR_LOG/bufr_log.(pid)
    New Table B & D entries are printed
    Message containing new table entries dumped
    Returned Code table entries indicatting missing are not
         replaced by default value for missing
    Missing values are not replaced by default value for missing

Positioning file to start of BUFR message
Positioning file to start of BUFR message
Reading Table B (/users/hembree/BUFR_TABLES/MEL/B3M-000-011-B)
Reading Table D (/users/hembree/BUFR_TABLES/MEL/B3M-000-011-D)
 Local Table B file "/users/hembree/BUFR_TABLES/MEL/B3L-058000-011000-B" not found.
 
 Local Table B file "/users/hembree/BUFR_TABLES/MEL/B3L-058-011000-B" not found.
 
 Local Table B file "/users/hembree/BUFR_TABLES/MEL/B3L-058000-000-B" not found.
 
 Local Table D file "/users/hembree/BUFR_TABLES/MEL/B3L-058000-011000-D" not found.
 
 Local Table D file "/users/hembree/BUFR_TABLES/MEL/B3L-058-011000-D" not found.
 
 Local Table D file "/users/hembree/BUFR_TABLES/MEL/B3L-058000-000-D" not found.
 
Reading Table B (/users/hembree/BUFR_TABLES/MEL/B3L-058-000-B)
Reading Table D (/users/hembree/BUFR_TABLES/MEL/B3L-058-000-D)
------------------------------------------------------------------------------
BUFR Information Structure Contents

BUFR File Name:       "ex1.enc"
Total Message Length: 60 bytes
Number Data Subsets:  1
Is Data Observed?     Yes
Is Data Compressed?   No
Optional Data:        No optional data present
BUFR Edition:         3
Master Table:         11, Version 11
Originating Center:   58 ["Fleet Numerical Meteorology and Oceanography Center, Monterey, CA"]
Generating Center:    [MISSING VALUE]
Local Table Version:  0
Update Sequence #:    0 [Original Message]
Data Category:        0 [Surface data - land]
Data Sub-category:    0
Month:                12
Day:                  31
Year of Century       95
Time:                 23:59
------------------------------------------------------------------------------
BUFR Message Contents

Section 0
---------
ID:             BUFR
Message Length: 60
BUFR Edition:   3

Section 1
---------
Section Length:       22
Data Length:          5
BUFR Master Table:    0 [Standard WMO FM 94]
Originating Center:   58
Sub-Center:           0
 ["Fleet Numerical Meteorology and Oceanography Center, Monterey, CA"]
Update Sequence #:    0 [Original BUFR Message]
Optional Data:        0 [No optional data present]
Data Category:        0 [Surface data - land]
Data Sub Category:    0
Master Table Version: 11
Local  Table Version: 0
Date:                 12/31/95
Time:                 23:59

13 03 00 00 00 

Section 2
---------
Section Length: 0
Data Length:    0

Section 3
---------
Section Length:               16
Number of Unexpanded FXYs:    4
Number of Data Sets:          1
Flags:                        0x80 [Data is observed and non-compressed]

Unexpanded Descriptors
  0  502 = 0-05-002
  1  602 = 0-06-002
  2  404 = 0-04-004
  3  C04 = 0-12-004

Expanded Descriptors

  0 0-05-002 = Latitude (coarse accuracy)
  1 0-06-002 = Longitude (coarse accuracy)
  2 0-04-004 = Hour
  3 0-12-004 = Dry-bulb temperature at 2 m


Section 4
---------
Section Length: 10
Data Length:    6

Dump of dataset 1, bytes 0 to 5

62 0C EA 9C DB 88 

Section 5
---------
ID: 7777
------------------------------------------------------------------------------
0-05-002 =         35.50 = Latitude (coarse accuracy) [Degree]
0-06-002 =        120.30 = Longitude (coarse accuracy) [Degree]
0-04-004 =            13 = Hour [Hour]
0-12-004 =         295.2 = Dry-bulb temperature at 2 m [K]
--- END OF FILE ---  1

BUFR_Destroy: Destorying BUFR message
